<?xml version="1.0" encoding="UTF-8"?>
<beans xmlns="http://www.springframework.org/schema/beans"
       xmlns:xsi="http://www.w3.org/2001/XMLSchema-instance"
       xmlns:util="http://www.springframework.org/schema/util"
       xmlns:aop="http://www.springframework.org/schema/aop"

       xsi:schemaLocation="
       http://www.springframework.org/schema/beans http://www.springframework.org/schema/beans/spring-beans-3.0.xsd
       http://www.springframework.org/schema/util http://www.springframework.org/schema/util/spring-util-3.0.xsd
       http://www.springframework.org/schema/aop http://www.springframework.org/schema/aop/spring-aop-3.0.xsd">


    <!-- enable aspect j -->
    <aop:aspectj-autoproxy>
        <aop:include name="checkNotNullAspect"/>
        <aop:include name="logSetterValueAspect" />
    </aop:aspectj-autoproxy>

    <bean id="webServiceSession" class="au.org.emii.portal.mest.webservice.MestWebServiceSessionImpl" >
        <property name="loginService" ref="portalUserLoginService" />
        <property name="parameters" ref="mestWebServiceParameters" />
    </bean>


    <!-- Xml Web Service processor - Jersey implementation -->
    <bean id="xmlWebService" class="au.org.emii.portal.webservice.XmlWebServiceJerseyImpl" scope="prototype">
        <property name="settings" ref="settings" />
    </bean>


    <!-- User Info Service - for looking up user details (name, address, etc) -->
    <bean id="userInfoService" scope="prototype" class="au.org.emii.portal.mest.webservice.UserInfoServiceGetImpl" >
        <property name="parameters" ref="mestWebServiceParameters" />
        <property name="xmlWebService" ref="xmlWebService" />
        <property name="webServiceSession" ref="webServiceSession" />
    </bean>

    <!-- Login Service - for logging a user into the portal -->
    <bean id="portalUserLoginService" class="au.org.emii.portal.mest.webservice.LoginServiceImpl" scope="prototype">
        <property name="parameters" ref="mestWebServiceParameters" />
        <property name="userInfoService" ref="mockUserInfoService" />
        <property name="xmlWebService" ref="xmlWebService" />
    </bean>

    <!-- Registration Service - for registering users with the mest -->
    <bean id="registrationService" scope="prototype"  class="au.org.emii.portal.mest.webservice.RegistrationServiceImpl" >
        <property name="parameters" ref="mestWebServiceParameters" />
        <property name="xmlWebService" ref="xmlWebService" />
    </bean>

    <!-- Logout service -->
    <bean id="logoutService" class="au.org.emii.portal.service.LogoutServiceImpl" />

    <!-- forgotten password -->
    <bean id="forgottenPasswordService" scope="prototype" class="au.org.emii.portal.mest.webservice.ForgottenPasswordServiceImpl">
        <property name="parameters" ref="mestWebServiceParameters" />
        <property name="xmlWebService" ref="xmlWebService" />
    </bean>


    <!-- admin console login service -->
    <bean id="adminConsoleLoginService" scope="prototype" class="au.org.emii.portal.service.LoginServicePropertiesImpl">
        <property name="propertiesWriter" ref="propertiesWriter" />
        <property name="filename" value="#{filenameResolver.resolveUsersProperties()}" />
    </bean>

    <bean id="filenameResolver" class="au.org.emii.portal.test.FilenameResolver">
        <property name="usersProperties" value="/users.properties" />
    </bean>


    <bean id="mockUserInfoService" class="au.org.emii.portal.test.user.MockUserInfoService"/>

    <bean id="settings" class="au.org.emii.portal.settings.SettingsImpl">
        <property name="xmlMimeType" value="application/xml" />
    </bean>

    <bean id="mestWebServiceParameters" class="au.org.emii.portal.mest.webservice.MestWebServiceParametersImpl">
        <property name="administratorProfile" value="Administrator" />
        <property name="emailTemplatePasswordChanged" value="password-changed-email_imosportal.xsl" />
        <property name="emailTemplateRegistration" value="registration-pwd-email_imosportal.xsl" />
        <property name="emailTemplateResetPassword" value="password-forgotten-email_imosportal.xsl" />
        <property name="newUserProfile" value="RegisteredUser" />
        <property name="password" value="admin" />
        <property name="serviceBasePath" value="http://localhost:8888" />
        <property name="username" value="admin" />
        <property name="mestConfiguration" ref="mestConfiguration" />
    </bean>

    <bean id="mestConfiguration" class="au.org.emii.portal.mest.MestConfigurationImpl">
        <property name="servicePathChangePassword" value="/" />
        <property name="servicePathKeyword" value="/" />
        <property name="servicePathLogin" value="/" />
        <property name="servicePathResetPassword" value="/" />
        <property name="servicePathSelfRegistration" value="/" />
        <property name="servicePathUserInfo" value="/" />
        <property name="tokenDuplicateUser" value="errorEmailAddressAlreadyRegistered" />
        <property name="tokenExpiredChangeKey" value="Change key invalid" />
        <property name="tokenIncorrectLogin" value="UserLoginEx" />
        <property name="tokenInvalidUser" value="UserNotFoundEx" />
    </bean>


    <bean id="checkNotNullAspect" class="au.org.emii.portal.aspect.CheckNotNullAspect" />
    <bean id="logSetterValueAspect" class="au.org.emii.portal.aspect.LogSetterValueAspect" />

    <bean name="propertiesWriter" class="au.org.emii.portal.util.PropertiesWriterImpl">
        <property name="languagePack" ref="languagePack" />
    </bean>

    <!--
    Language strings and icon names
    -->
    <bean id="languagePack" class="au.org.emii.portal.lang.LanguagePackImpl" />


    <!--
    Class for resolving hostname
    -->
    <bean id="resolveHostName" class="au.org.emii.portal.util.ResolveHostNameImpl" />
</beans>